--------------------------------------------------
Rekapitulasi COVID-19 di Kepulauan Riau
Per tanggal 2020-08-03 Sumber: corona.keprigov.go.id
--------------------------------------------------
Karimun 7 1 6 0 
Bintan 20 12 7 1 
Natuna 0 0 0 0 
Lingga 1 0 0 1 
Kepulauan Anambas 0 0 0 0 
Batam 333 67 252 14 
Tanjung Pinang 72 43 26 3 
--------------------------------------------------
Total: 433
--------------------------------------------------
[master 436f2d7] Update Dataset
 3 files changed, 25 insertions(+), 4 deletions(-)
 create mode 100644 overall.out
[master 1bfe64f] Update Dataset
 1 file changed, 3 insertions(+)
--------------------------------------------------
Rekapitulasi COVID-19 di Kepulauan Riau
Per tanggal 2020-08-05 Sumber: corona.keprigov.go.id
--------------------------------------------------
Karimun 7 1 6 0 
Bintan 20 12 7 1 
Natuna 0 0 0 0 
Lingga 1 0 0 1 
Kepulauan Anambas 0 0 0 0 
Batam 333 67 252 14 
Tanjung Pinang 72 43 26 3 
--------------------------------------------------
Total: 866
--------------------------------------------------
[master d0ada03] Update Dataset
 2 files changed, 23 insertions(+)
--------------------------------------------------
Rekapitulasi COVID-19 di Kepulauan Riau
Per tanggal 2020-08-05 Sumber: corona.keprigov.go.id
--------------------------------------------------
Karimun 7 1 6 0 
Bintan 20 12 7 1 
Natuna 0 0 0 0 
Lingga 1 0 0 1 
Kepulauan Anambas 0 0 0 0 
Batam 333 67 252 14 
Tanjung Pinang 72 43 26 3 
--------------------------------------------------
Total: 433
--------------------------------------------------
[master 6359b25] Update Dataset
 2 files changed, 23 insertions(+)
--------------------------------------------------
Rekapitulasi COVID-19 di Kepulauan Riau
Per tanggal 2020-08-05 Sumber: corona.keprigov.go.id
--------------------------------------------------
Karimun 7 1 6 0 
Bintan 20 12 7 1 
Natuna 0 0 0 0 
Lingga 1 0 0 1 
Kepulauan Anambas 0 0 0 0 
Batam 334 67 253 14 
Tanjung Pinang 72 43 26 3 
--------------------------------------------------
Total: 434
--------------------------------------------------
[master 5185395] Update Dataset
 2 files changed, 23 insertions(+)
--------------------------------------------------
Rekapitulasi COVID-19 di Kepulauan Riau
Per tanggal 2020-08-05 Sumber: corona.keprigov.go.id
--------------------------------------------------
Karimun 7 1 6 0 
Bintan 20 12 7 1 
Natuna 0 0 0 0 
Lingga 1 0 0 1 
Kepulauan Anambas 0 0 0 0 
Batam 334 67 253 14 
Tanjung Pinang 72 43 26 3 
--------------------------------------------------
Total: 434
--------------------------------------------------
[master 6705b83] Update Dataset
--------------------------------------------------
Rekapitulasi COVID-19 di Kepulauan Riau
Per tanggal 2020-08-06 Sumber: corona.keprigov.go.id
--------------------------------------------------
Karimun 7 1 6 0 
Bintan 20 12 7 1 
Natuna 0 0 0 0 
Lingga 1 0 0 1 
Kepulauan Anambas 0 0 0 0 
Batam 334 67 253 14 
Tanjung Pinang 72 43 26 3 
--------------------------------------------------
Total: 434
--------------------------------------------------
[master ffa7a76] Update Dataset
 2 files changed, 22 insertions(+)
--------------------------------------------------
Rekapitulasi COVID-19 di Kepulauan Riau
Per tanggal 2020-08-07 Sumber: corona.keprigov.go.id
--------------------------------------------------
Karimun 7 1 6 0 
Bintan 20 12 7 1 
Natuna 0 0 0 0 
Lingga 1 0 0 1 
Kepulauan Anambas 0 0 0 0 
Batam 334 67 253 14 
Tanjung Pinang 72 43 26 3 
--------------------------------------------------
Total: 434
--------------------------------------------------
[master 9e6813f] Update Dataset
 2 files changed, 23 insertions(+)
--------------------------------------------------
Rekapitulasi COVID-19 di Kepulauan Riau
Per tanggal 2020-08-08 Sumber: corona.keprigov.go.id
--------------------------------------------------
Karimun 7 1 6 0 
Bintan 20 12 7 1 
Natuna 0 0 0 0 
Lingga 1 0 0 1 
Kepulauan Anambas 0 0 0 0 
Batam 334 67 253 14 
Tanjung Pinang 72 43 26 3 
--------------------------------------------------
Total: 434
--------------------------------------------------
[master 5a597b4] Update Dataset
 2 files changed, 23 insertions(+)
--------------------------------------------------
Rekapitulasi COVID-19 di Kepulauan Riau
Per tanggal 2020-08-09 Sumber: corona.keprigov.go.id
--------------------------------------------------
 71 
 10819 
 17 
 1 
 136 
 1971 
 100 
--------------------------------------------------
Total: 13115
--------------------------------------------------
[master 605d94c] Update Dataset
 2 files changed, 23 insertions(+)
--------------------------------------------------
Rekapitulasi COVID-19 di Kepulauan Riau
Per tanggal 2020-08-10 Sumber: corona.keprigov.go.id
--------------------------------------------------
 200 
 11002 
 25 
 1 
 142 
 1983 
 101 
--------------------------------------------------
Total: 13454
--------------------------------------------------
[master d49e3db] Update Dataset
 2 files changed, 23 insertions(+)
[master b9c0236] Update Dataset
 1 file changed, 2 insertions(+)
[master 442a80f] Update Dataset
 1 file changed, 2 insertions(+)
[master 59e8409] Update Dataset
 1 file changed, 2 insertions(+)
[master fd1804c] Update Dataset
 1 file changed, 2 insertions(+)
--------------------------------------------------
Rekapitulasi COVID-19 di Kepulauan Riau
Per tanggal 2020-08-18 Sumber: corona.keprigov.go.id
--------------------------------------------------
Telusur 12 12 0 0 
 78 
 11730 
 86 
 3 
 209 
 2056 
--------------------------------------------------
Total: 14174
--------------------------------------------------
[master 0f00ba2] Update Dataset
 2 files changed, 23 insertions(+)
--------------------------------------------------
Rekapitulasi COVID-19 di Kepulauan Riau
Per tanggal 2020-08-19 Sumber: corona.keprigov.go.id
--------------------------------------------------
Telusur 12 12 0 0 
 78 
 11730 
 86 
 3 
 209 
 2056 
--------------------------------------------------
Total: 14174
--------------------------------------------------
[master 7139832] Update Dataset
 2 files changed, 23 insertions(+)
--------------------------------------------------
Rekapitulasi COVID-19 di Kepulauan Riau
Per tanggal 2020-08-20 Sumber: corona.keprigov.go.id
--------------------------------------------------
Telusur 6 6 0 0 
 36 
 11970 
 10 
 3 
 166 
 2088 
--------------------------------------------------
Total: 14279
--------------------------------------------------
[master bb46840] Update Dataset
 2 files changed, 23 insertions(+)
--------------------------------------------------
Rekapitulasi COVID-19 di Kepulauan Riau
Per tanggal 2020-08-22 Sumber: corona.keprigov.go.id
--------------------------------------------------
Telusur 9 9 0 0 
 62 
 12007 
 14 
 3 
 107 
 2119 
--------------------------------------------------
Total: 14321
--------------------------------------------------
[master 1dcb84a] Update Dataset
 2 files changed, 23 insertions(+)
--------------------------------------------------
Rekapitulasi COVID-19 di Kepulauan Riau
Per tanggal 2020-08-23 Sumber: corona.keprigov.go.id
--------------------------------------------------
Telusur 9 9 0 0 
 62 
 12007 
 14 
 3 
 107 
 2119 
--------------------------------------------------
Total: 14321
--------------------------------------------------
[master 26736d7] Update Dataset
 2 files changed, 23 insertions(+)
--------------------------------------------------
Rekapitulasi COVID-19 di Kepulauan Riau
Per tanggal 2020-08-24 Sumber: corona.keprigov.go.id
--------------------------------------------------
Telusur 11 11 0 0 
Pekerja Migran Indonesia (Tanjungpinang) 1 1 0 0 
 83 
 12016 
 102 
 3 
 208 
--------------------------------------------------
Total: 12424
--------------------------------------------------
[master ebcb762] Update Dataset
 2 files changed, 23 insertions(+)
--------------------------------------------------
Rekapitulasi COVID-19 di Kepulauan Riau
Per tanggal 2020-08-25 Sumber: corona.keprigov.go.id
--------------------------------------------------
Telusur 17 17 0 0 
Pekerja Migran Indonesia (Tanjungpinang) 1 1 0 0 
 135 
 12045 
 86 
 3 
 129 
--------------------------------------------------
Total: 12416
--------------------------------------------------
[master fa6c08a] Update Dataset
 2 files changed, 23 insertions(+)
--------------------------------------------------
Rekapitulasi COVID-19 di Kepulauan Riau
Per tanggal 2020-08-26 Sumber: corona.keprigov.go.id
--------------------------------------------------
Telusur 17 17 0 0 
Pekerja Migran Indonesia (Tanjungpinang) 1 1 0 0 
 71 
 12164 
 102 
 3 
 194 
--------------------------------------------------
Total: 12552
--------------------------------------------------
[master 4f19042] Update Dataset
 2 files changed, 23 insertions(+)
--------------------------------------------------
Rekapitulasi COVID-19 di Kepulauan Riau
Per tanggal 2020-08-27 Sumber: corona.keprigov.go.id
--------------------------------------------------
Telusur 17 17 0 0 
Pekerja Migran Indonesia (Tanjungpinang) 1 1 0 0 
 74 
 12199 
 101 
 3 
 194 
--------------------------------------------------
Total: 12589
--------------------------------------------------
[master 6bbdc20] Update Dataset
 2 files changed, 23 insertions(+)
--------------------------------------------------
Rekapitulasi COVID-19 di Kepulauan Riau
Per tanggal 2020-08-28 Sumber: corona.keprigov.go.id
--------------------------------------------------
Telusur 17 17 0 0 
Pekerja Migran Indonesia (Tanjungpinang) 1 1 0 0 
 74 
 12199 
 101 
 3 
 194 
--------------------------------------------------
Total: 12589
--------------------------------------------------
[master 3f0fad0] Update Dataset
 2 files changed, 23 insertions(+)
--------------------------------------------------
Rekapitulasi COVID-19 di Kepulauan Riau
Per tanggal 2020-08-29 Sumber: corona.keprigov.go.id
--------------------------------------------------
Telusur 24 24 0 0 
Pekerja Migran Indonesia (Tanjungpinang) 1 1 0 0 
 170 
 12284 
 224 
 3 
 344 
--------------------------------------------------
Total: 13050
--------------------------------------------------
